Starting SellApplication on PC-201906252105 with PID 12660 (E:\Projects\sell\target\classes started by Administrator in E:\Projects\sell)
No active profile set, falling back to default profiles: default
Bootstrapping Spring Data repositories in DEFAULT mode.
Finished Spring Data repository scanning in 263ms. Found 4 repository interfaces.
Bean 'org.springframework.transaction.annotation.ProxyTransactionManagementConfiguration' of type [org.springframework.transaction.annotation.ProxyTransactionManagementConfiguration$$EnhancerBySpringCGLIB$$83be94d2] is not eligible for getting processed by all BeanPostProcessors (for example: not eligible for auto-proxying)
Tomcat initialized with port(s): 80 (http)
Initializing ProtocolHandler ["http-nio-80"]
Starting service [Tomcat]
Starting Servlet engine: [Apache Tomcat/9.0.21]
Initializing Spring embedded WebApplicationContext
Root WebApplicationContext: initialization completed in 4238 ms
HikariPool-1 - Starting...
Registered driver with driverClassName=com.mysql.jdbc.Driver was not found, trying direct instantiation.
HikariPool-1 - Start completed.
HHH000204: Processing PersistenceUnitInfo [
	name: default
	...]
HHH000412: Hibernate Core {5.3.10.Final}
HHH000206: hibernate.properties not found
HCANN000001: Hibernate Commons Annotations {5.0.4.Final}
HHH000400: Using dialect: org.hibernate.dialect.MySQL5Dialect
Initialized JPA EntityManagerFactory for persistence unit 'default'
Initializing ExecutorService 'applicationTaskExecutor'
spring.jpa.open-in-view is enabled by default. Therefore, database queries may be performed during view rendering. Explicitly configure spring.jpa.open-in-view to disable this warning
Starting ProtocolHandler ["http-nio-80"]
Tomcat started on port(s): 80 (http) with context path '/sell'
Started SellApplication in 10.376 seconds (JVM running for 13.896)
Initializing Spring DispatcherServlet 'dispatcherServlet'
Initializing Servlet 'dispatcherServlet'
Completed initialization in 15 ms
HHH000397: Using ASTQueryTranslatorFactory
Starting SellApplication on PC-201906252105 with PID 11780 (E:\Projects\sell\target\classes started by Administrator in E:\Projects\sell)
No active profile set, falling back to default profiles: default
Bootstrapping Spring Data repositories in DEFAULT mode.
Finished Spring Data repository scanning in 59ms. Found 4 repository interfaces.
Bean 'org.springframework.transaction.annotation.ProxyTransactionManagementConfiguration' of type [org.springframework.transaction.annotation.ProxyTransactionManagementConfiguration$$EnhancerBySpringCGLIB$$4b6c7c44] is not eligible for getting processed by all BeanPostProcessors (for example: not eligible for auto-proxying)
Tomcat initialized with port(s): 80 (http)
Initializing ProtocolHandler ["http-nio-80"]
Starting service [Tomcat]
Starting Servlet engine: [Apache Tomcat/9.0.21]
Initializing Spring embedded WebApplicationContext
Root WebApplicationContext: initialization completed in 1274 ms
HikariPool-1 - Starting...
Registered driver with driverClassName=com.mysql.jdbc.Driver was not found, trying direct instantiation.
HikariPool-1 - Start completed.
HHH000204: Processing PersistenceUnitInfo [
	name: default
	...]
HHH000412: Hibernate Core {5.3.10.Final}
HHH000206: hibernate.properties not found
HCANN000001: Hibernate Commons Annotations {5.0.4.Final}
HHH000400: Using dialect: org.hibernate.dialect.MySQL5Dialect
Initialized JPA EntityManagerFactory for persistence unit 'default'
Initializing ExecutorService 'applicationTaskExecutor'
spring.jpa.open-in-view is enabled by default. Therefore, database queries may be performed during view rendering. Explicitly configure spring.jpa.open-in-view to disable this warning
Starting ProtocolHandler ["http-nio-80"]
Tomcat started on port(s): 80 (http) with context path '/sell'
Started SellApplication in 5.494 seconds (JVM running for 7.825)
Initializing Spring DispatcherServlet 'dispatcherServlet'
Initializing Servlet 'dispatcherServlet'
Completed initialization in 8 ms
HHH000397: Using ASTQueryTranslatorFactory
Starting SellApplication on PC-201906252105 with PID 10748 (E:\Projects\sell\target\classes started by Administrator in E:\Projects\sell)
No active profile set, falling back to default profiles: default
Bootstrapping Spring Data repositories in DEFAULT mode.
Finished Spring Data repository scanning in 60ms. Found 4 repository interfaces.
Bean 'org.springframework.transaction.annotation.ProxyTransactionManagementConfiguration' of type [org.springframework.transaction.annotation.ProxyTransactionManagementConfiguration$$EnhancerBySpringCGLIB$$a3b78fcb] is not eligible for getting processed by all BeanPostProcessors (for example: not eligible for auto-proxying)
Tomcat initialized with port(s): 80 (http)
Initializing ProtocolHandler ["http-nio-80"]
Starting service [Tomcat]
Starting Servlet engine: [Apache Tomcat/9.0.21]
Initializing Spring embedded WebApplicationContext
Root WebApplicationContext: initialization completed in 1659 ms
HikariPool-1 - Starting...
Registered driver with driverClassName=com.mysql.jdbc.Driver was not found, trying direct instantiation.
HikariPool-1 - Start completed.
HHH000204: Processing PersistenceUnitInfo [
	name: default
	...]
HHH000412: Hibernate Core {5.3.10.Final}
HHH000206: hibernate.properties not found
HCANN000001: Hibernate Commons Annotations {5.0.4.Final}
HHH000400: Using dialect: org.hibernate.dialect.MySQL5Dialect
Initialized JPA EntityManagerFactory for persistence unit 'default'
Initializing ExecutorService 'applicationTaskExecutor'
spring.jpa.open-in-view is enabled by default. Therefore, database queries may be performed during view rendering. Explicitly configure spring.jpa.open-in-view to disable this warning
Starting ProtocolHandler ["http-nio-80"]
Tomcat started on port(s): 80 (http) with context path '/sell'
Started SellApplication in 5.665 seconds (JVM running for 7.865)
Starting SellApplication on PC-201906252105 with PID 5888 (E:\Projects\sell\target\classes started by Administrator in E:\Projects\sell)
No active profile set, falling back to default profiles: default
Bootstrapping Spring Data repositories in DEFAULT mode.
Finished Spring Data repository scanning in 81ms. Found 4 repository interfaces.
Bean 'org.springframework.transaction.annotation.ProxyTransactionManagementConfiguration' of type [org.springframework.transaction.annotation.ProxyTransactionManagementConfiguration$$EnhancerBySpringCGLIB$$9b55a609] is not eligible for getting processed by all BeanPostProcessors (for example: not eligible for auto-proxying)
Tomcat initialized with port(s): 80 (http)
Initializing ProtocolHandler ["http-nio-80"]
Starting service [Tomcat]
Starting Servlet engine: [Apache Tomcat/9.0.21]
Initializing Spring embedded WebApplicationContext
Root WebApplicationContext: initialization completed in 1741 ms
HikariPool-1 - Starting...
Registered driver with driverClassName=com.mysql.jdbc.Driver was not found, trying direct instantiation.
HikariPool-1 - Start completed.
HHH000204: Processing PersistenceUnitInfo [
	name: default
	...]
HHH000412: Hibernate Core {5.3.10.Final}
HHH000206: hibernate.properties not found
HCANN000001: Hibernate Commons Annotations {5.0.4.Final}
HHH000400: Using dialect: org.hibernate.dialect.MySQL5Dialect
Initialized JPA EntityManagerFactory for persistence unit 'default'
Initializing ExecutorService 'applicationTaskExecutor'
spring.jpa.open-in-view is enabled by default. Therefore, database queries may be performed during view rendering. Explicitly configure spring.jpa.open-in-view to disable this warning
Starting ProtocolHandler ["http-nio-80"]
Tomcat started on port(s): 80 (http) with context path '/sell'
Started SellApplication in 5.839 seconds (JVM running for 7.902)
Initializing Spring DispatcherServlet 'dispatcherServlet'
Initializing Servlet 'dispatcherServlet'
Completed initialization in 10 ms
HHH000397: Using ASTQueryTranslatorFactory
Starting SellApplication on PC-201906252105 with PID 6988 (E:\Projects\sell\target\classes started by Administrator in E:\Projects\sell)
No active profile set, falling back to default profiles: default
Bootstrapping Spring Data repositories in DEFAULT mode.
Finished Spring Data repository scanning in 77ms. Found 4 repository interfaces.
Bean 'org.springframework.transaction.annotation.ProxyTransactionManagementConfiguration' of type [org.springframework.transaction.annotation.ProxyTransactionManagementConfiguration$$EnhancerBySpringCGLIB$$23b54176] is not eligible for getting processed by all BeanPostProcessors (for example: not eligible for auto-proxying)
Starting ProductServiceImplTest on PC-201906252105 with PID 10104 (started by Administrator in E:\Projects\sell)
No active profile set, falling back to default profiles: default
Bootstrapping Spring Data repositories in DEFAULT mode.
Finished Spring Data repository scanning in 373ms. Found 4 repository interfaces.
Bean 'org.springframework.transaction.annotation.ProxyTransactionManagementConfiguration' of type [org.springframework.transaction.annotation.ProxyTransactionManagementConfiguration$$EnhancerBySpringCGLIB$$3221308] is not eligible for getting processed by all BeanPostProcessors (for example: not eligible for auto-proxying)
HikariPool-1 - Starting...
Registered driver with driverClassName=com.mysql.jdbc.Driver was not found, trying direct instantiation.
HikariPool-1 - Start completed.
HHH000204: Processing PersistenceUnitInfo [
	name: default
	...]
HHH000412: Hibernate Core {5.3.10.Final}
HHH000206: hibernate.properties not found
HCANN000001: Hibernate Commons Annotations {5.0.4.Final}
HHH000400: Using dialect: org.hibernate.dialect.MySQL5Dialect
Initialized JPA EntityManagerFactory for persistence unit 'default'
Initializing ExecutorService 'applicationTaskExecutor'
spring.jpa.open-in-view is enabled by default. Therefore, database queries may be performed during view rendering. Explicitly configure spring.jpa.open-in-view to disable this warning
Started ProductServiceImplTest in 11.535 seconds (JVM running for 12.611)
Shutting down ExecutorService 'applicationTaskExecutor'
Closing JPA EntityManagerFactory for persistence unit 'default'
HikariPool-1 - Shutdown initiated...
HikariPool-1 - Shutdown completed.
Starting ProductServiceImplTest on PC-201906252105 with PID 7500 (started by Administrator in E:\Projects\sell)
No active profile set, falling back to default profiles: default
Bootstrapping Spring Data repositories in DEFAULT mode.
Finished Spring Data repository scanning in 193ms. Found 4 repository interfaces.
Bean 'org.springframework.transaction.annotation.ProxyTransactionManagementConfiguration' of type [org.springframework.transaction.annotation.ProxyTransactionManagementConfiguration$$EnhancerBySpringCGLIB$$b06fc3f7] is not eligible for getting processed by all BeanPostProcessors (for example: not eligible for auto-proxying)
HikariPool-1 - Starting...
Registered driver with driverClassName=com.mysql.jdbc.Driver was not found, trying direct instantiation.
HikariPool-1 - Start completed.
HHH000204: Processing PersistenceUnitInfo [
	name: default
	...]
HHH000412: Hibernate Core {5.3.10.Final}
HHH000206: hibernate.properties not found
HCANN000001: Hibernate Commons Annotations {5.0.4.Final}
HHH000400: Using dialect: org.hibernate.dialect.MySQL5Dialect
Initialized JPA EntityManagerFactory for persistence unit 'default'
Initializing ExecutorService 'applicationTaskExecutor'
spring.jpa.open-in-view is enabled by default. Therefore, database queries may be performed during view rendering. Explicitly configure spring.jpa.open-in-view to disable this warning
Started ProductServiceImplTest in 9.706 seconds (JVM running for 10.729)
Shutting down ExecutorService 'applicationTaskExecutor'
Closing JPA EntityManagerFactory for persistence unit 'default'
HikariPool-1 - Shutdown initiated...
HikariPool-1 - Shutdown completed.
Starting ProductServiceImplTest on PC-201906252105 with PID 8564 (started by Administrator in E:\Projects\sell)
No active profile set, falling back to default profiles: default
Bootstrapping Spring Data repositories in DEFAULT mode.
Finished Spring Data repository scanning in 245ms. Found 4 repository interfaces.
Bean 'org.springframework.transaction.annotation.ProxyTransactionManagementConfiguration' of type [org.springframework.transaction.annotation.ProxyTransactionManagementConfiguration$$EnhancerBySpringCGLIB$$5fe7b991] is not eligible for getting processed by all BeanPostProcessors (for example: not eligible for auto-proxying)
HikariPool-1 - Starting...
Registered driver with driverClassName=com.mysql.jdbc.Driver was not found, trying direct instantiation.
HikariPool-1 - Start completed.
HHH000204: Processing PersistenceUnitInfo [
	name: default
	...]
HHH000412: Hibernate Core {5.3.10.Final}
HHH000206: hibernate.properties not found
HCANN000001: Hibernate Commons Annotations {5.0.4.Final}
HHH000400: Using dialect: org.hibernate.dialect.MySQL5Dialect
Initialized JPA EntityManagerFactory for persistence unit 'default'
Initializing ExecutorService 'applicationTaskExecutor'
spring.jpa.open-in-view is enabled by default. Therefore, database queries may be performed during view rendering. Explicitly configure spring.jpa.open-in-view to disable this warning
Started ProductServiceImplTest in 10.024 seconds (JVM running for 10.938)
Shutting down ExecutorService 'applicationTaskExecutor'
Closing JPA EntityManagerFactory for persistence unit 'default'
HikariPool-1 - Shutdown initiated...
HikariPool-1 - Shutdown completed.
Starting ProductServiceImplTest on PC-201906252105 with PID 12520 (started by Administrator in E:\Projects\sell)
No active profile set, falling back to default profiles: default
Starting SellApplication on PC-201906252105 with PID 5640 (E:\Projects\sell\target\classes started by Administrator in E:\Projects\sell)
No active profile set, falling back to default profiles: default
Bootstrapping Spring Data repositories in DEFAULT mode.
Finished Spring Data repository scanning in 75ms. Found 4 repository interfaces.
Bean 'org.springframework.transaction.annotation.ProxyTransactionManagementConfiguration' of type [org.springframework.transaction.annotation.ProxyTransactionManagementConfiguration$$EnhancerBySpringCGLIB$$c7a7b602] is not eligible for getting processed by all BeanPostProcessors (for example: not eligible for auto-proxying)
Tomcat initialized with port(s): 80 (http)
Initializing ProtocolHandler ["http-nio-80"]
Starting service [Tomcat]
Starting Servlet engine: [Apache Tomcat/9.0.21]
Initializing Spring embedded WebApplicationContext
Root WebApplicationContext: initialization completed in 1517 ms
HikariPool-1 - Starting...
Registered driver with driverClassName=com.mysql.jdbc.Driver was not found, trying direct instantiation.
HikariPool-1 - Start completed.
HHH000204: Processing PersistenceUnitInfo [
	name: default
	...]
HHH000412: Hibernate Core {5.3.10.Final}
HHH000206: hibernate.properties not found
HCANN000001: Hibernate Commons Annotations {5.0.4.Final}
HHH000400: Using dialect: org.hibernate.dialect.MySQL5Dialect
Initialized JPA EntityManagerFactory for persistence unit 'default'
Initializing ExecutorService 'applicationTaskExecutor'
spring.jpa.open-in-view is enabled by default. Therefore, database queries may be performed during view rendering. Explicitly configure spring.jpa.open-in-view to disable this warning
Starting ProtocolHandler ["http-nio-80"]
Tomcat started on port(s): 80 (http) with context path '/sell'
Started SellApplication in 5.519 seconds (JVM running for 7.278)
Initializing Spring DispatcherServlet 'dispatcherServlet'
Initializing Servlet 'dispatcherServlet'
Completed initialization in 8 ms
HHH000397: Using ASTQueryTranslatorFactory
Resolved [org.springframework.web.bind.MissingServletRequestParameterException: Required String parameter 'productId' is not present]
Starting SellApplication on PC-201906252105 with PID 11052 (E:\Projects\sell\target\classes started by Administrator in E:\Projects\sell)
No active profile set, falling back to default profiles: default
Bootstrapping Spring Data repositories in DEFAULT mode.
Finished Spring Data repository scanning in 86ms. Found 4 repository interfaces.
Bean 'org.springframework.transaction.annotation.ProxyTransactionManagementConfiguration' of type [org.springframework.transaction.annotation.ProxyTransactionManagementConfiguration$$EnhancerBySpringCGLIB$$8f380d2d] is not eligible for getting processed by all BeanPostProcessors (for example: not eligible for auto-proxying)
Tomcat initialized with port(s): 80 (http)
Initializing ProtocolHandler ["http-nio-80"]
Starting service [Tomcat]
Starting Servlet engine: [Apache Tomcat/9.0.21]
Initializing Spring embedded WebApplicationContext
Root WebApplicationContext: initialization completed in 1810 ms
HikariPool-1 - Starting...
Registered driver with driverClassName=com.mysql.jdbc.Driver was not found, trying direct instantiation.
HikariPool-1 - Start completed.
HHH000204: Processing PersistenceUnitInfo [
	name: default
	...]
HHH000412: Hibernate Core {5.3.10.Final}
HHH000206: hibernate.properties not found
HCANN000001: Hibernate Commons Annotations {5.0.4.Final}
HHH000400: Using dialect: org.hibernate.dialect.MySQL5Dialect
Initialized JPA EntityManagerFactory for persistence unit 'default'
Initializing ExecutorService 'applicationTaskExecutor'
spring.jpa.open-in-view is enabled by default. Therefore, database queries may be performed during view rendering. Explicitly configure spring.jpa.open-in-view to disable this warning
Starting ProtocolHandler ["http-nio-80"]
Tomcat started on port(s): 80 (http) with context path '/sell'
Started SellApplication in 5.99 seconds (JVM running for 7.996)
Initializing Spring DispatcherServlet 'dispatcherServlet'
Initializing Servlet 'dispatcherServlet'
Completed initialization in 14 ms
HHH000397: Using ASTQueryTranslatorFactory
Starting SellApplication on PC-201906252105 with PID 9400 (E:\Projects\sell\target\classes started by Administrator in E:\Projects\sell)
No active profile set, falling back to default profiles: default
Bootstrapping Spring Data repositories in DEFAULT mode.
Finished Spring Data repository scanning in 74ms. Found 4 repository interfaces.
Bean 'org.springframework.transaction.annotation.ProxyTransactionManagementConfiguration' of type [org.springframework.transaction.annotation.ProxyTransactionManagementConfiguration$$EnhancerBySpringCGLIB$$84187f5d] is not eligible for getting processed by all BeanPostProcessors (for example: not eligible for auto-proxying)
Tomcat initialized with port(s): 80 (http)
Initializing ProtocolHandler ["http-nio-80"]
Starting service [Tomcat]
Starting Servlet engine: [Apache Tomcat/9.0.21]
Initializing Spring embedded WebApplicationContext
Root WebApplicationContext: initialization completed in 1864 ms
HikariPool-1 - Starting...
Registered driver with driverClassName=com.mysql.jdbc.Driver was not found, trying direct instantiation.
HikariPool-1 - Start completed.
HHH000204: Processing PersistenceUnitInfo [
	name: default
	...]
HHH000412: Hibernate Core {5.3.10.Final}
HHH000206: hibernate.properties not found
HCANN000001: Hibernate Commons Annotations {5.0.4.Final}
HHH000400: Using dialect: org.hibernate.dialect.MySQL5Dialect
Initialized JPA EntityManagerFactory for persistence unit 'default'
Initializing ExecutorService 'applicationTaskExecutor'
spring.jpa.open-in-view is enabled by default. Therefore, database queries may be performed during view rendering. Explicitly configure spring.jpa.open-in-view to disable this warning
Starting ProtocolHandler ["http-nio-80"]
Tomcat started on port(s): 80 (http) with context path '/sell'
Started SellApplication in 6.262 seconds (JVM running for 7.839)
Initializing Spring DispatcherServlet 'dispatcherServlet'
Initializing Servlet 'dispatcherServlet'
Completed initialization in 11 ms
HHH000397: Using ASTQueryTranslatorFactory
Starting SellApplication on PC-201906252105 with PID 13640 (E:\Projects\sell\target\classes started by Administrator in E:\Projects\sell)
No active profile set, falling back to default profiles: default
Bootstrapping Spring Data repositories in DEFAULT mode.
Finished Spring Data repository scanning in 80ms. Found 4 repository interfaces.
Bean 'org.springframework.transaction.annotation.ProxyTransactionManagementConfiguration' of type [org.springframework.transaction.annotation.ProxyTransactionManagementConfiguration$$EnhancerBySpringCGLIB$$23b54176] is not eligible for getting processed by all BeanPostProcessors (for example: not eligible for auto-proxying)
Tomcat initialized with port(s): 80 (http)
Initializing ProtocolHandler ["http-nio-80"]
Starting service [Tomcat]
Starting Servlet engine: [Apache Tomcat/9.0.21]
Initializing Spring embedded WebApplicationContext
Root WebApplicationContext: initialization completed in 1691 ms
HikariPool-1 - Starting...
Registered driver with driverClassName=com.mysql.jdbc.Driver was not found, trying direct instantiation.
HikariPool-1 - Start completed.
HHH000204: Processing PersistenceUnitInfo [
	name: default
	...]
HHH000412: Hibernate Core {5.3.10.Final}
HHH000206: hibernate.properties not found
HCANN000001: Hibernate Commons Annotations {5.0.4.Final}
HHH000400: Using dialect: org.hibernate.dialect.MySQL5Dialect
Initialized JPA EntityManagerFactory for persistence unit 'default'
Initializing ExecutorService 'applicationTaskExecutor'
spring.jpa.open-in-view is enabled by default. Therefore, database queries may be performed during view rendering. Explicitly configure spring.jpa.open-in-view to disable this warning
Starting ProtocolHandler ["http-nio-80"]
Tomcat started on port(s): 80 (http) with context path '/sell'
Started SellApplication in 5.593 seconds (JVM running for 6.881)
Initializing Spring DispatcherServlet 'dispatcherServlet'
Initializing Servlet 'dispatcherServlet'
Completed initialization in 10 ms
HHH000397: Using ASTQueryTranslatorFactory
Starting SellApplication on PC-201906252105 with PID 12804 (E:\Projects\sell\target\classes started by Administrator in E:\Projects\sell)
No active profile set, falling back to default profiles: default
Bootstrapping Spring Data repositories in DEFAULT mode.
Finished Spring Data repository scanning in 76ms. Found 4 repository interfaces.
Bean 'org.springframework.transaction.annotation.ProxyTransactionManagementConfiguration' of type [org.springframework.transaction.annotation.ProxyTransactionManagementConfiguration$$EnhancerBySpringCGLIB$$51903528] is not eligible for getting processed by all BeanPostProcessors (for example: not eligible for auto-proxying)
Tomcat initialized with port(s): 80 (http)
Initializing ProtocolHandler ["http-nio-80"]
Starting service [Tomcat]
Starting Servlet engine: [Apache Tomcat/9.0.21]
Initializing Spring embedded WebApplicationContext
Root WebApplicationContext: initialization completed in 1671 ms
HikariPool-1 - Starting...
Registered driver with driverClassName=com.mysql.jdbc.Driver was not found, trying direct instantiation.
HikariPool-1 - Start completed.
HHH000204: Processing PersistenceUnitInfo [
	name: default
	...]
HHH000412: Hibernate Core {5.3.10.Final}
HHH000206: hibernate.properties not found
HCANN000001: Hibernate Commons Annotations {5.0.4.Final}
HHH000400: Using dialect: org.hibernate.dialect.MySQL5Dialect
Initialized JPA EntityManagerFactory for persistence unit 'default'
Initializing ExecutorService 'applicationTaskExecutor'
spring.jpa.open-in-view is enabled by default. Therefore, database queries may be performed during view rendering. Explicitly configure spring.jpa.open-in-view to disable this warning
Starting ProtocolHandler ["http-nio-80"]
Tomcat started on port(s): 80 (http) with context path '/sell'
Started SellApplication in 5.343 seconds (JVM running for 6.926)
Initializing Spring DispatcherServlet 'dispatcherServlet'
Initializing Servlet 'dispatcherServlet'
Completed initialization in 8 ms
HHH000397: Using ASTQueryTranslatorFactory
HikariPool-1 - Thread starvation or clock leap detected (housekeeper delta=3m28s280ms576µs700ns).
