Starting SellApplication on PC-201906252105 with PID 9256 (E:\Projects\sell\target\classes started by Administrator in E:\Projects\sell)
No active profile set, falling back to default profiles: default
Bootstrapping Spring Data repositories in DEFAULT mode.
Finished Spring Data repository scanning in 99ms. Found 4 repository interfaces.
Bean 'org.springframework.transaction.annotation.ProxyTransactionManagementConfiguration' of type [org.springframework.transaction.annotation.ProxyTransactionManagementConfiguration$$EnhancerBySpringCGLIB$$5297f374] is not eligible for getting processed by all BeanPostProcessors (for example: not eligible for auto-proxying)
Tomcat initialized with port(s): 80 (http)
Initializing ProtocolHandler ["http-nio-80"]
Starting service [Tomcat]
Starting Servlet engine: [Apache Tomcat/9.0.21]
Initializing Spring embedded WebApplicationContext
Root WebApplicationContext: initialization completed in 1882 ms
HikariPool-1 - Starting...
Registered driver with driverClassName=com.mysql.jdbc.Driver was not found, trying direct instantiation.
HikariPool-1 - Start completed.
HHH000204: Processing PersistenceUnitInfo [
	name: default
	...]
HHH000412: Hibernate Core {5.3.10.Final}
HHH000206: hibernate.properties not found
HCANN000001: Hibernate Commons Annotations {5.0.4.Final}
HHH000400: Using dialect: org.hibernate.dialect.MySQL5Dialect
Initialized JPA EntityManagerFactory for persistence unit 'default'
Initializing ExecutorService 'applicationTaskExecutor'
spring.jpa.open-in-view is enabled by default. Therefore, database queries may be performed during view rendering. Explicitly configure spring.jpa.open-in-view to disable this warning
Starting ProtocolHandler ["http-nio-80"]
Tomcat started on port(s): 80 (http) with context path '/sell'
Started SellApplication in 7.382 seconds (JVM running for 9.628)
Initializing Spring DispatcherServlet 'dispatcherServlet'
Initializing Servlet 'dispatcherServlet'
Completed initialization in 9 ms
HHH000397: Using ASTQueryTranslatorFactory
HikariPool-1 - Thread starvation or clock leap detected (housekeeper delta=3m54s703ms355µs).
HikariPool-1 - Thread starvation or clock leap detected (housekeeper delta=52s67ms690µs).
Starting SellApplication on PC-201906252105 with PID 1700 (E:\Projects\sell\target\classes started by Administrator in E:\Projects\sell)
No active profile set, falling back to default profiles: default
Bootstrapping Spring Data repositories in DEFAULT mode.
Finished Spring Data repository scanning in 63ms. Found 4 repository interfaces.
Bean 'org.springframework.transaction.annotation.ProxyTransactionManagementConfiguration' of type [org.springframework.transaction.annotation.ProxyTransactionManagementConfiguration$$EnhancerBySpringCGLIB$$6d244ef0] is not eligible for getting processed by all BeanPostProcessors (for example: not eligible for auto-proxying)
Tomcat initialized with port(s): 80 (http)
Initializing ProtocolHandler ["http-nio-80"]
Starting service [Tomcat]
Starting Servlet engine: [Apache Tomcat/9.0.21]
Initializing Spring embedded WebApplicationContext
Root WebApplicationContext: initialization completed in 1347 ms
HikariPool-1 - Starting...
Registered driver with driverClassName=com.mysql.jdbc.Driver was not found, trying direct instantiation.
HikariPool-1 - Start completed.
HHH000204: Processing PersistenceUnitInfo [
	name: default
	...]
HHH000412: Hibernate Core {5.3.10.Final}
HHH000206: hibernate.properties not found
HCANN000001: Hibernate Commons Annotations {5.0.4.Final}
HHH000400: Using dialect: org.hibernate.dialect.MySQL5Dialect
Initialized JPA EntityManagerFactory for persistence unit 'default'
Initializing ExecutorService 'applicationTaskExecutor'
spring.jpa.open-in-view is enabled by default. Therefore, database queries may be performed during view rendering. Explicitly configure spring.jpa.open-in-view to disable this warning
Starting ProtocolHandler ["http-nio-80"]
Tomcat started on port(s): 80 (http) with context path '/sell'
Started SellApplication in 4.906 seconds (JVM running for 6.625)
Initializing Spring DispatcherServlet 'dispatcherServlet'
Initializing Servlet 'dispatcherServlet'
Completed initialization in 7 ms
HHH000397: Using ASTQueryTranslatorFactory
Starting SellApplication on PC-201906252105 with PID 11820 (E:\Projects\sell\target\classes started by Administrator in E:\Projects\sell)
No active profile set, falling back to default profiles: default
Bootstrapping Spring Data repositories in DEFAULT mode.
Finished Spring Data repository scanning in 66ms. Found 4 repository interfaces.
Bean 'org.springframework.transaction.annotation.ProxyTransactionManagementConfiguration' of type [org.springframework.transaction.annotation.ProxyTransactionManagementConfiguration$$EnhancerBySpringCGLIB$$4d4a9d41] is not eligible for getting processed by all BeanPostProcessors (for example: not eligible for auto-proxying)
Tomcat initialized with port(s): 80 (http)
Initializing ProtocolHandler ["http-nio-80"]
Starting service [Tomcat]
Starting Servlet engine: [Apache Tomcat/9.0.21]
Initializing Spring embedded WebApplicationContext
Root WebApplicationContext: initialization completed in 1450 ms
HikariPool-1 - Starting...
Registered driver with driverClassName=com.mysql.jdbc.Driver was not found, trying direct instantiation.
HikariPool-1 - Start completed.
HHH000204: Processing PersistenceUnitInfo [
	name: default
	...]
HHH000412: Hibernate Core {5.3.10.Final}
HHH000206: hibernate.properties not found
HCANN000001: Hibernate Commons Annotations {5.0.4.Final}
HHH000400: Using dialect: org.hibernate.dialect.MySQL5Dialect
Initialized JPA EntityManagerFactory for persistence unit 'default'
Initializing ExecutorService 'applicationTaskExecutor'
spring.jpa.open-in-view is enabled by default. Therefore, database queries may be performed during view rendering. Explicitly configure spring.jpa.open-in-view to disable this warning
Starting ProtocolHandler ["http-nio-80"]
Tomcat started on port(s): 80 (http) with context path '/sell'
Started SellApplication in 5.005 seconds (JVM running for 6.411)
Initializing Spring DispatcherServlet 'dispatcherServlet'
Initializing Servlet 'dispatcherServlet'
Completed initialization in 6 ms
HHH000397: Using ASTQueryTranslatorFactory
HikariPool-1 - Thread starvation or clock leap detected (housekeeper delta=1h639ms997µs800ns).
Starting SellApplication on PC-201906252105 with PID 9372 (E:\Projects\sell\target\classes started by Administrator in E:\Projects\sell)
No active profile set, falling back to default profiles: default
Bootstrapping Spring Data repositories in DEFAULT mode.
Finished Spring Data repository scanning in 64ms. Found 4 repository interfaces.
Bean 'org.springframework.transaction.annotation.ProxyTransactionManagementConfiguration' of type [org.springframework.transaction.annotation.ProxyTransactionManagementConfiguration$$EnhancerBySpringCGLIB$$caf20642] is not eligible for getting processed by all BeanPostProcessors (for example: not eligible for auto-proxying)
Tomcat initialized with port(s): 80 (http)
Initializing ProtocolHandler ["http-nio-80"]
Starting service [Tomcat]
Starting Servlet engine: [Apache Tomcat/9.0.21]
Initializing Spring embedded WebApplicationContext
Root WebApplicationContext: initialization completed in 1404 ms
HikariPool-1 - Starting...
Registered driver with driverClassName=com.mysql.jdbc.Driver was not found, trying direct instantiation.
HikariPool-1 - Start completed.
HHH000204: Processing PersistenceUnitInfo [
	name: default
	...]
HHH000412: Hibernate Core {5.3.10.Final}
HHH000206: hibernate.properties not found
HCANN000001: Hibernate Commons Annotations {5.0.4.Final}
HHH000400: Using dialect: org.hibernate.dialect.MySQL5Dialect
Initialized JPA EntityManagerFactory for persistence unit 'default'
Initializing ExecutorService 'applicationTaskExecutor'
spring.jpa.open-in-view is enabled by default. Therefore, database queries may be performed during view rendering. Explicitly configure spring.jpa.open-in-view to disable this warning
Starting ProtocolHandler ["http-nio-80"]
Tomcat started on port(s): 80 (http) with context path '/sell'
Started SellApplication in 4.779 seconds (JVM running for 6.123)
Initializing Spring DispatcherServlet 'dispatcherServlet'
Initializing Servlet 'dispatcherServlet'
Completed initialization in 9 ms
HHH000397: Using ASTQueryTranslatorFactory
Resolved [org.springframework.web.HttpRequestMethodNotSupportedException: Request method 'POST' not supported]
Starting SellApplication on PC-201906252105 with PID 11736 (E:\Projects\sell\target\classes started by Administrator in E:\Projects\sell)
No active profile set, falling back to default profiles: default
Bootstrapping Spring Data repositories in DEFAULT mode.
Finished Spring Data repository scanning in 57ms. Found 4 repository interfaces.
Bean 'org.springframework.transaction.annotation.ProxyTransactionManagementConfiguration' of type [org.springframework.transaction.annotation.ProxyTransactionManagementConfiguration$$EnhancerBySpringCGLIB$$e5b56c4c] is not eligible for getting processed by all BeanPostProcessors (for example: not eligible for auto-proxying)
Tomcat initialized with port(s): 80 (http)
Initializing ProtocolHandler ["http-nio-80"]
Starting service [Tomcat]
Starting Servlet engine: [Apache Tomcat/9.0.21]
Initializing Spring embedded WebApplicationContext
Root WebApplicationContext: initialization completed in 1191 ms
HikariPool-1 - Starting...
Registered driver with driverClassName=com.mysql.jdbc.Driver was not found, trying direct instantiation.
HikariPool-1 - Start completed.
HHH000204: Processing PersistenceUnitInfo [
	name: default
	...]
HHH000412: Hibernate Core {5.3.10.Final}
HHH000206: hibernate.properties not found
HCANN000001: Hibernate Commons Annotations {5.0.4.Final}
HHH000400: Using dialect: org.hibernate.dialect.MySQL5Dialect
Initialized JPA EntityManagerFactory for persistence unit 'default'
Initializing ExecutorService 'applicationTaskExecutor'
spring.jpa.open-in-view is enabled by default. Therefore, database queries may be performed during view rendering. Explicitly configure spring.jpa.open-in-view to disable this warning
Starting ProtocolHandler ["http-nio-80"]
Tomcat started on port(s): 80 (http) with context path '/sell'
Started SellApplication in 4.541 seconds (JVM running for 5.892)
Initializing Spring DispatcherServlet 'dispatcherServlet'
Initializing Servlet 'dispatcherServlet'
Completed initialization in 9 ms
HHH000397: Using ASTQueryTranslatorFactory
Starting SellApplication on PC-201906252105 with PID 8948 (E:\Projects\sell\target\classes started by Administrator in E:\Projects\sell)
No active profile set, falling back to default profiles: default
Bootstrapping Spring Data repositories in DEFAULT mode.
Finished Spring Data repository scanning in 60ms. Found 4 repository interfaces.
Bean 'org.springframework.transaction.annotation.ProxyTransactionManagementConfiguration' of type [org.springframework.transaction.annotation.ProxyTransactionManagementConfiguration$$EnhancerBySpringCGLIB$$d5daf75f] is not eligible for getting processed by all BeanPostProcessors (for example: not eligible for auto-proxying)
Tomcat initialized with port(s): 80 (http)
Initializing ProtocolHandler ["http-nio-80"]
Starting service [Tomcat]
Starting Servlet engine: [Apache Tomcat/9.0.21]
Initializing Spring embedded WebApplicationContext
Root WebApplicationContext: initialization completed in 1229 ms
HikariPool-1 - Starting...
Registered driver with driverClassName=com.mysql.jdbc.Driver was not found, trying direct instantiation.
HikariPool-1 - Start completed.
HHH000204: Processing PersistenceUnitInfo [
	name: default
	...]
HHH000412: Hibernate Core {5.3.10.Final}
HHH000206: hibernate.properties not found
HCANN000001: Hibernate Commons Annotations {5.0.4.Final}
HHH000400: Using dialect: org.hibernate.dialect.MySQL5Dialect
Initialized JPA EntityManagerFactory for persistence unit 'default'
Initializing ExecutorService 'applicationTaskExecutor'
spring.jpa.open-in-view is enabled by default. Therefore, database queries may be performed during view rendering. Explicitly configure spring.jpa.open-in-view to disable this warning
Starting ProtocolHandler ["http-nio-80"]
Tomcat started on port(s): 80 (http) with context path '/sell'
Started SellApplication in 4.751 seconds (JVM running for 6.117)
Initializing Spring DispatcherServlet 'dispatcherServlet'
Initializing Servlet 'dispatcherServlet'
Completed initialization in 18 ms
HHH000397: Using ASTQueryTranslatorFactory
Starting SellApplication on PC-201906252105 with PID 9452 (E:\Projects\sell\target\classes started by Administrator in E:\Projects\sell)
No active profile set, falling back to default profiles: default
Bootstrapping Spring Data repositories in DEFAULT mode.
Finished Spring Data repository scanning in 71ms. Found 4 repository interfaces.
Bean 'org.springframework.transaction.annotation.ProxyTransactionManagementConfiguration' of type [org.springframework.transaction.annotation.ProxyTransactionManagementConfiguration$$EnhancerBySpringCGLIB$$fb1bebd2] is not eligible for getting processed by all BeanPostProcessors (for example: not eligible for auto-proxying)
Tomcat initialized with port(s): 80 (http)
Initializing ProtocolHandler ["http-nio-80"]
Starting service [Tomcat]
Starting Servlet engine: [Apache Tomcat/9.0.21]
Initializing Spring embedded WebApplicationContext
Root WebApplicationContext: initialization completed in 1515 ms
HikariPool-1 - Starting...
Registered driver with driverClassName=com.mysql.jdbc.Driver was not found, trying direct instantiation.
HikariPool-1 - Start completed.
HHH000204: Processing PersistenceUnitInfo [
	name: default
	...]
HHH000412: Hibernate Core {5.3.10.Final}
HHH000206: hibernate.properties not found
HCANN000001: Hibernate Commons Annotations {5.0.4.Final}
HHH000400: Using dialect: org.hibernate.dialect.MySQL5Dialect
Initialized JPA EntityManagerFactory for persistence unit 'default'
Initializing ExecutorService 'applicationTaskExecutor'
spring.jpa.open-in-view is enabled by default. Therefore, database queries may be performed during view rendering. Explicitly configure spring.jpa.open-in-view to disable this warning
Starting ProtocolHandler ["http-nio-80"]
Tomcat started on port(s): 80 (http) with context path '/sell'
Started SellApplication in 5.604 seconds (JVM running for 7.722)
Initializing Spring DispatcherServlet 'dispatcherServlet'
Initializing Servlet 'dispatcherServlet'
Completed initialization in 9 ms
HHH000397: Using ASTQueryTranslatorFactory
Loaded expression factory via original TCCL
Starting SellApplication on PC-201906252105 with PID 12760 (E:\Projects\sell\target\classes started by Administrator in E:\Projects\sell)
No active profile set, falling back to default profiles: default
Bootstrapping Spring Data repositories in DEFAULT mode.
Finished Spring Data repository scanning in 71ms. Found 4 repository interfaces.
Bean 'org.springframework.transaction.annotation.ProxyTransactionManagementConfiguration' of type [org.springframework.transaction.annotation.ProxyTransactionManagementConfiguration$$EnhancerBySpringCGLIB$$4dfca0c] is not eligible for getting processed by all BeanPostProcessors (for example: not eligible for auto-proxying)
Tomcat initialized with port(s): 80 (http)
Initializing ProtocolHandler ["http-nio-80"]
Starting service [Tomcat]
Starting Servlet engine: [Apache Tomcat/9.0.21]
Initializing Spring embedded WebApplicationContext
Root WebApplicationContext: initialization completed in 1555 ms
HikariPool-1 - Starting...
Registered driver with driverClassName=com.mysql.jdbc.Driver was not found, trying direct instantiation.
HikariPool-1 - Start completed.
HHH000204: Processing PersistenceUnitInfo [
	name: default
	...]
HHH000412: Hibernate Core {5.3.10.Final}
HHH000206: hibernate.properties not found
HCANN000001: Hibernate Commons Annotations {5.0.4.Final}
HHH000400: Using dialect: org.hibernate.dialect.MySQL5Dialect
Initialized JPA EntityManagerFactory for persistence unit 'default'
Initializing ExecutorService 'applicationTaskExecutor'
spring.jpa.open-in-view is enabled by default. Therefore, database queries may be performed during view rendering. Explicitly configure spring.jpa.open-in-view to disable this warning
Starting ProtocolHandler ["http-nio-80"]
Tomcat started on port(s): 80 (http) with context path '/sell'
Started SellApplication in 5.72 seconds (JVM running for 7.329)
Initializing Spring DispatcherServlet 'dispatcherServlet'
Initializing Servlet 'dispatcherServlet'
Completed initialization in 8 ms
HHH000397: Using ASTQueryTranslatorFactory
HikariPool-1 - Thread starvation or clock leap detected (housekeeper delta=1m33s423ms405µs600ns).
Starting SellApplication on PC-201906252105 with PID 3328 (E:\Projects\sell\target\classes started by Administrator in E:\Projects\sell)
No active profile set, falling back to default profiles: default
Bootstrapping Spring Data repositories in DEFAULT mode.
Finished Spring Data repository scanning in 75ms. Found 4 repository interfaces.
Bean 'org.springframework.transaction.annotation.ProxyTransactionManagementConfiguration' of type [org.springframework.transaction.annotation.ProxyTransactionManagementConfiguration$$EnhancerBySpringCGLIB$$9368e4d7] is not eligible for getting processed by all BeanPostProcessors (for example: not eligible for auto-proxying)
Tomcat initialized with port(s): 80 (http)
Initializing ProtocolHandler ["http-nio-80"]
Starting service [Tomcat]
Starting Servlet engine: [Apache Tomcat/9.0.21]
Initializing Spring embedded WebApplicationContext
Root WebApplicationContext: initialization completed in 1370 ms
HikariPool-1 - Starting...
Registered driver with driverClassName=com.mysql.jdbc.Driver was not found, trying direct instantiation.
HikariPool-1 - Start completed.
HHH000204: Processing PersistenceUnitInfo [
	name: default
	...]
HHH000412: Hibernate Core {5.3.10.Final}
HHH000206: hibernate.properties not found
HCANN000001: Hibernate Commons Annotations {5.0.4.Final}
HHH000400: Using dialect: org.hibernate.dialect.MySQL5Dialect
Initialized JPA EntityManagerFactory for persistence unit 'default'
Initializing ExecutorService 'applicationTaskExecutor'
spring.jpa.open-in-view is enabled by default. Therefore, database queries may be performed during view rendering. Explicitly configure spring.jpa.open-in-view to disable this warning
Starting ProtocolHandler ["http-nio-80"]
Tomcat started on port(s): 80 (http) with context path '/sell'
Started SellApplication in 5.689 seconds (JVM running for 7.271)
Initializing Spring DispatcherServlet 'dispatcherServlet'
Initializing Servlet 'dispatcherServlet'
Completed initialization in 8 ms
HHH000397: Using ASTQueryTranslatorFactory
Starting SellApplication on PC-201906252105 with PID 6236 (E:\Projects\sell\target\classes started by Administrator in E:\Projects\sell)
No active profile set, falling back to default profiles: default
Bootstrapping Spring Data repositories in DEFAULT mode.
Finished Spring Data repository scanning in 78ms. Found 4 repository interfaces.
Bean 'org.springframework.transaction.annotation.ProxyTransactionManagementConfiguration' of type [org.springframework.transaction.annotation.ProxyTransactionManagementConfiguration$$EnhancerBySpringCGLIB$$b9ef05c] is not eligible for getting processed by all BeanPostProcessors (for example: not eligible for auto-proxying)
Tomcat initialized with port(s): 80 (http)
Initializing ProtocolHandler ["http-nio-80"]
Starting service [Tomcat]
Starting Servlet engine: [Apache Tomcat/9.0.21]
Initializing Spring embedded WebApplicationContext
Root WebApplicationContext: initialization completed in 1513 ms
HikariPool-1 - Starting...
Registered driver with driverClassName=com.mysql.jdbc.Driver was not found, trying direct instantiation.
HikariPool-1 - Start completed.
HHH000204: Processing PersistenceUnitInfo [
	name: default
	...]
HHH000412: Hibernate Core {5.3.10.Final}
HHH000206: hibernate.properties not found
HCANN000001: Hibernate Commons Annotations {5.0.4.Final}
HHH000400: Using dialect: org.hibernate.dialect.MySQL5Dialect
Initialized JPA EntityManagerFactory for persistence unit 'default'
Initializing ExecutorService 'applicationTaskExecutor'
spring.jpa.open-in-view is enabled by default. Therefore, database queries may be performed during view rendering. Explicitly configure spring.jpa.open-in-view to disable this warning
Starting ProtocolHandler ["http-nio-80"]
Tomcat started on port(s): 80 (http) with context path '/sell'
Started SellApplication in 6.349 seconds (JVM running for 8.017)
Initializing Spring DispatcherServlet 'dispatcherServlet'
Initializing Servlet 'dispatcherServlet'
Completed initialization in 16 ms
HHH000397: Using ASTQueryTranslatorFactory
Starting SellApplication on PC-201906252105 with PID 4448 (E:\Projects\sell\target\classes started by Administrator in E:\Projects\sell)
No active profile set, falling back to default profiles: default
Bootstrapping Spring Data repositories in DEFAULT mode.
Finished Spring Data repository scanning in 71ms. Found 4 repository interfaces.
Bean 'org.springframework.transaction.annotation.ProxyTransactionManagementConfiguration' of type [org.springframework.transaction.annotation.ProxyTransactionManagementConfiguration$$EnhancerBySpringCGLIB$$4cae0ec7] is not eligible for getting processed by all BeanPostProcessors (for example: not eligible for auto-proxying)
Tomcat initialized with port(s): 80 (http)
Initializing ProtocolHandler ["http-nio-80"]
Starting service [Tomcat]
Starting Servlet engine: [Apache Tomcat/9.0.21]
Initializing Spring embedded WebApplicationContext
Root WebApplicationContext: initialization completed in 1495 ms
HikariPool-1 - Starting...
Registered driver with driverClassName=com.mysql.jdbc.Driver was not found, trying direct instantiation.
HikariPool-1 - Start completed.
HHH000204: Processing PersistenceUnitInfo [
	name: default
	...]
HHH000412: Hibernate Core {5.3.10.Final}
HHH000206: hibernate.properties not found
HCANN000001: Hibernate Commons Annotations {5.0.4.Final}
HHH000400: Using dialect: org.hibernate.dialect.MySQL5Dialect
Initialized JPA EntityManagerFactory for persistence unit 'default'
Initializing ExecutorService 'applicationTaskExecutor'
spring.jpa.open-in-view is enabled by default. Therefore, database queries may be performed during view rendering. Explicitly configure spring.jpa.open-in-view to disable this warning
Starting ProtocolHandler ["http-nio-80"]
Tomcat started on port(s): 80 (http) with context path '/sell'
Started SellApplication in 5.274 seconds (JVM running for 6.595)
Initializing Spring DispatcherServlet 'dispatcherServlet'
Initializing Servlet 'dispatcherServlet'
Completed initialization in 6 ms
HHH000397: Using ASTQueryTranslatorFactory
Starting SellApplication on PC-201906252105 with PID 11920 (E:\Projects\sell\target\classes started by Administrator in E:\Projects\sell)
No active profile set, falling back to default profiles: default
Bootstrapping Spring Data repositories in DEFAULT mode.
Finished Spring Data repository scanning in 65ms. Found 4 repository interfaces.
Bean 'org.springframework.transaction.annotation.ProxyTransactionManagementConfiguration' of type [org.springframework.transaction.annotation.ProxyTransactionManagementConfiguration$$EnhancerBySpringCGLIB$$128d677d] is not eligible for getting processed by all BeanPostProcessors (for example: not eligible for auto-proxying)
Tomcat initialized with port(s): 80 (http)
Initializing ProtocolHandler ["http-nio-80"]
Starting service [Tomcat]
Starting Servlet engine: [Apache Tomcat/9.0.21]
Initializing Spring embedded WebApplicationContext
Root WebApplicationContext: initialization completed in 1357 ms
HikariPool-1 - Starting...
Registered driver with driverClassName=com.mysql.jdbc.Driver was not found, trying direct instantiation.
HikariPool-1 - Start completed.
HHH000204: Processing PersistenceUnitInfo [
	name: default
	...]
HHH000412: Hibernate Core {5.3.10.Final}
HHH000206: hibernate.properties not found
HCANN000001: Hibernate Commons Annotations {5.0.4.Final}
HHH000400: Using dialect: org.hibernate.dialect.MySQL5Dialect
Initialized JPA EntityManagerFactory for persistence unit 'default'
Initializing ExecutorService 'applicationTaskExecutor'
spring.jpa.open-in-view is enabled by default. Therefore, database queries may be performed during view rendering. Explicitly configure spring.jpa.open-in-view to disable this warning
Starting ProtocolHandler ["http-nio-80"]
Tomcat started on port(s): 80 (http) with context path '/sell'
Started SellApplication in 4.752 seconds (JVM running for 6.428)
Starting SellApplication on PC-201906252105 with PID 10556 (E:\Projects\sell\target\classes started by Administrator in E:\Projects\sell)
No active profile set, falling back to default profiles: default
Bootstrapping Spring Data repositories in DEFAULT mode.
Finished Spring Data repository scanning in 62ms. Found 4 repository interfaces.
Bean 'org.springframework.transaction.annotation.ProxyTransactionManagementConfiguration' of type [org.springframework.transaction.annotation.ProxyTransactionManagementConfiguration$$EnhancerBySpringCGLIB$$4d2c935e] is not eligible for getting processed by all BeanPostProcessors (for example: not eligible for auto-proxying)
Tomcat initialized with port(s): 80 (http)
Initializing ProtocolHandler ["http-nio-80"]
Starting service [Tomcat]
Starting Servlet engine: [Apache Tomcat/9.0.21]
Initializing Spring embedded WebApplicationContext
Root WebApplicationContext: initialization completed in 1286 ms
HikariPool-1 - Starting...
Registered driver with driverClassName=com.mysql.jdbc.Driver was not found, trying direct instantiation.
HikariPool-1 - Start completed.
HHH000204: Processing PersistenceUnitInfo [
	name: default
	...]
HHH000412: Hibernate Core {5.3.10.Final}
HHH000206: hibernate.properties not found
HCANN000001: Hibernate Commons Annotations {5.0.4.Final}
HHH000400: Using dialect: org.hibernate.dialect.MySQL5Dialect
Initialized JPA EntityManagerFactory for persistence unit 'default'
Initializing ExecutorService 'applicationTaskExecutor'
spring.jpa.open-in-view is enabled by default. Therefore, database queries may be performed during view rendering. Explicitly configure spring.jpa.open-in-view to disable this warning
Starting ProtocolHandler ["http-nio-80"]
Tomcat started on port(s): 80 (http) with context path '/sell'
Started SellApplication in 4.567 seconds (JVM running for 5.863)
Initializing Spring DispatcherServlet 'dispatcherServlet'
Initializing Servlet 'dispatcherServlet'
Completed initialization in 5 ms
HHH000397: Using ASTQueryTranslatorFactory
Starting SellApplication on PC-201906252105 with PID 11572 (E:\Projects\sell\target\classes started by Administrator in E:\Projects\sell)
No active profile set, falling back to default profiles: default
Bootstrapping Spring Data repositories in DEFAULT mode.
Finished Spring Data repository scanning in 63ms. Found 4 repository interfaces.
Bean 'org.springframework.transaction.annotation.ProxyTransactionManagementConfiguration' of type [org.springframework.transaction.annotation.ProxyTransactionManagementConfiguration$$EnhancerBySpringCGLIB$$dae1684c] is not eligible for getting processed by all BeanPostProcessors (for example: not eligible for auto-proxying)
Tomcat initialized with port(s): 80 (http)
Initializing ProtocolHandler ["http-nio-80"]
Starting service [Tomcat]
Starting Servlet engine: [Apache Tomcat/9.0.21]
Initializing Spring embedded WebApplicationContext
Root WebApplicationContext: initialization completed in 1300 ms
HikariPool-1 - Starting...
Registered driver with driverClassName=com.mysql.jdbc.Driver was not found, trying direct instantiation.
HikariPool-1 - Start completed.
HHH000204: Processing PersistenceUnitInfo [
	name: default
	...]
HHH000412: Hibernate Core {5.3.10.Final}
HHH000206: hibernate.properties not found
HCANN000001: Hibernate Commons Annotations {5.0.4.Final}
HHH000400: Using dialect: org.hibernate.dialect.MySQL5Dialect
Initialized JPA EntityManagerFactory for persistence unit 'default'
Initializing ExecutorService 'applicationTaskExecutor'
spring.jpa.open-in-view is enabled by default. Therefore, database queries may be performed during view rendering. Explicitly configure spring.jpa.open-in-view to disable this warning
Starting ProtocolHandler ["http-nio-80"]
Tomcat started on port(s): 80 (http) with context path '/sell'
Started SellApplication in 4.555 seconds (JVM running for 5.873)
Initializing Spring DispatcherServlet 'dispatcherServlet'
Initializing Servlet 'dispatcherServlet'
Completed initialization in 6 ms
HHH000397: Using ASTQueryTranslatorFactory
Starting SellApplication on PC-201906252105 with PID 5364 (E:\Projects\sell\target\classes started by Administrator in E:\Projects\sell)
No active profile set, falling back to default profiles: default
Bootstrapping Spring Data repositories in DEFAULT mode.
Finished Spring Data repository scanning in 73ms. Found 4 repository interfaces.
Bean 'org.springframework.transaction.annotation.ProxyTransactionManagementConfiguration' of type [org.springframework.transaction.annotation.ProxyTransactionManagementConfiguration$$EnhancerBySpringCGLIB$$d5daf75f] is not eligible for getting processed by all BeanPostProcessors (for example: not eligible for auto-proxying)
Tomcat initialized with port(s): 80 (http)
Initializing ProtocolHandler ["http-nio-80"]
Starting service [Tomcat]
Starting Servlet engine: [Apache Tomcat/9.0.21]
Initializing Spring embedded WebApplicationContext
Root WebApplicationContext: initialization completed in 1427 ms
HikariPool-1 - Starting...
Registered driver with driverClassName=com.mysql.jdbc.Driver was not found, trying direct instantiation.
HikariPool-1 - Start completed.
HHH000204: Processing PersistenceUnitInfo [
	name: default
	...]
HHH000412: Hibernate Core {5.3.10.Final}
HHH000206: hibernate.properties not found
HCANN000001: Hibernate Commons Annotations {5.0.4.Final}
HHH000400: Using dialect: org.hibernate.dialect.MySQL5Dialect
Initialized JPA EntityManagerFactory for persistence unit 'default'
Initializing ExecutorService 'applicationTaskExecutor'
spring.jpa.open-in-view is enabled by default. Therefore, database queries may be performed during view rendering. Explicitly configure spring.jpa.open-in-view to disable this warning
Starting ProtocolHandler ["http-nio-80"]
Tomcat started on port(s): 80 (http) with context path '/sell'
Started SellApplication in 4.995 seconds (JVM running for 6.532)
Initializing Spring DispatcherServlet 'dispatcherServlet'
Initializing Servlet 'dispatcherServlet'
Completed initialization in 9 ms
HHH000397: Using ASTQueryTranslatorFactory
Starting SellApplication on PC-201906252105 with PID 11036 (E:\Projects\sell\target\classes started by Administrator in E:\Projects\sell)
No active profile set, falling back to default profiles: default
Bootstrapping Spring Data repositories in DEFAULT mode.
Finished Spring Data repository scanning in 61ms. Found 4 repository interfaces.
Bean 'org.springframework.transaction.annotation.ProxyTransactionManagementConfiguration' of type [org.springframework.transaction.annotation.ProxyTransactionManagementConfiguration$$EnhancerBySpringCGLIB$$56f34ab] is not eligible for getting processed by all BeanPostProcessors (for example: not eligible for auto-proxying)
Tomcat initialized with port(s): 80 (http)
Initializing ProtocolHandler ["http-nio-80"]
Starting service [Tomcat]
Starting Servlet engine: [Apache Tomcat/9.0.21]
Initializing Spring embedded WebApplicationContext
Root WebApplicationContext: initialization completed in 1267 ms
HikariPool-1 - Starting...
Registered driver with driverClassName=com.mysql.jdbc.Driver was not found, trying direct instantiation.
HikariPool-1 - Start completed.
HHH000204: Processing PersistenceUnitInfo [
	name: default
	...]
HHH000412: Hibernate Core {5.3.10.Final}
HHH000206: hibernate.properties not found
HCANN000001: Hibernate Commons Annotations {5.0.4.Final}
HHH000400: Using dialect: org.hibernate.dialect.MySQL5Dialect
Initialized JPA EntityManagerFactory for persistence unit 'default'
Initializing ExecutorService 'applicationTaskExecutor'
spring.jpa.open-in-view is enabled by default. Therefore, database queries may be performed during view rendering. Explicitly configure spring.jpa.open-in-view to disable this warning
Starting ProtocolHandler ["http-nio-80"]
Tomcat started on port(s): 80 (http) with context path '/sell'
Started SellApplication in 4.991 seconds (JVM running for 6.428)
Initializing Spring DispatcherServlet 'dispatcherServlet'
Initializing Servlet 'dispatcherServlet'
Completed initialization in 13 ms
HHH000397: Using ASTQueryTranslatorFactory
Starting SellApplication on PC-201906252105 with PID 11152 (E:\Projects\sell\target\classes started by Administrator in E:\Projects\sell)
No active profile set, falling back to default profiles: default
Bootstrapping Spring Data repositories in DEFAULT mode.
Finished Spring Data repository scanning in 67ms. Found 4 repository interfaces.
Bean 'org.springframework.transaction.annotation.ProxyTransactionManagementConfiguration' of type [org.springframework.transaction.annotation.ProxyTransactionManagementConfiguration$$EnhancerBySpringCGLIB$$7d8c2386] is not eligible for getting processed by all BeanPostProcessors (for example: not eligible for auto-proxying)
Tomcat initialized with port(s): 80 (http)
Initializing ProtocolHandler ["http-nio-80"]
Starting service [Tomcat]
Starting Servlet engine: [Apache Tomcat/9.0.21]
Initializing Spring embedded WebApplicationContext
Root WebApplicationContext: initialization completed in 1355 ms
HikariPool-1 - Starting...
Registered driver with driverClassName=com.mysql.jdbc.Driver was not found, trying direct instantiation.
HikariPool-1 - Start completed.
HHH000204: Processing PersistenceUnitInfo [
	name: default
	...]
HHH000412: Hibernate Core {5.3.10.Final}
HHH000206: hibernate.properties not found
HCANN000001: Hibernate Commons Annotations {5.0.4.Final}
HHH000400: Using dialect: org.hibernate.dialect.MySQL5Dialect
Initialized JPA EntityManagerFactory for persistence unit 'default'
Initializing ExecutorService 'applicationTaskExecutor'
spring.jpa.open-in-view is enabled by default. Therefore, database queries may be performed during view rendering. Explicitly configure spring.jpa.open-in-view to disable this warning
Starting ProtocolHandler ["http-nio-80"]
Tomcat started on port(s): 80 (http) with context path '/sell'
Started SellApplication in 4.963 seconds (JVM running for 6.356)
Initializing Spring DispatcherServlet 'dispatcherServlet'
Initializing Servlet 'dispatcherServlet'
Completed initialization in 9 ms
HHH000397: Using ASTQueryTranslatorFactory
Starting SellApplication on PC-201906252105 with PID 6716 (E:\Projects\sell\target\classes started by Administrator in E:\Projects\sell)
No active profile set, falling back to default profiles: default
Bootstrapping Spring Data repositories in DEFAULT mode.
Finished Spring Data repository scanning in 79ms. Found 4 repository interfaces.
Bean 'org.springframework.transaction.annotation.ProxyTransactionManagementConfiguration' of type [org.springframework.transaction.annotation.ProxyTransactionManagementConfiguration$$EnhancerBySpringCGLIB$$57ba9452] is not eligible for getting processed by all BeanPostProcessors (for example: not eligible for auto-proxying)
Tomcat initialized with port(s): 80 (http)
Initializing ProtocolHandler ["http-nio-80"]
Starting service [Tomcat]
Starting Servlet engine: [Apache Tomcat/9.0.21]
Initializing Spring embedded WebApplicationContext
Root WebApplicationContext: initialization completed in 1496 ms
HikariPool-1 - Starting...
Registered driver with driverClassName=com.mysql.jdbc.Driver was not found, trying direct instantiation.
HikariPool-1 - Start completed.
HHH000204: Processing PersistenceUnitInfo [
	name: default
	...]
HHH000412: Hibernate Core {5.3.10.Final}
HHH000206: hibernate.properties not found
HCANN000001: Hibernate Commons Annotations {5.0.4.Final}
HHH000400: Using dialect: org.hibernate.dialect.MySQL5Dialect
Initialized JPA EntityManagerFactory for persistence unit 'default'
Initializing ExecutorService 'applicationTaskExecutor'
spring.jpa.open-in-view is enabled by default. Therefore, database queries may be performed during view rendering. Explicitly configure spring.jpa.open-in-view to disable this warning
Starting ProtocolHandler ["http-nio-80"]
Tomcat started on port(s): 80 (http) with context path '/sell'
Started SellApplication in 5.412 seconds (JVM running for 6.981)
Initializing Spring DispatcherServlet 'dispatcherServlet'
Initializing Servlet 'dispatcherServlet'
Completed initialization in 10 ms
HHH000397: Using ASTQueryTranslatorFactory
Starting SellApplication on PC-201906252105 with PID 14404 (E:\Projects\sell\target\classes started by Administrator in E:\Projects\sell)
No active profile set, falling back to default profiles: default
Bootstrapping Spring Data repositories in DEFAULT mode.
Finished Spring Data repository scanning in 76ms. Found 4 repository interfaces.
Bean 'org.springframework.transaction.annotation.ProxyTransactionManagementConfiguration' of type [org.springframework.transaction.annotation.ProxyTransactionManagementConfiguration$$EnhancerBySpringCGLIB$$ae6ccb20] is not eligible for getting processed by all BeanPostProcessors (for example: not eligible for auto-proxying)
Tomcat initialized with port(s): 80 (http)
Initializing ProtocolHandler ["http-nio-80"]
Starting service [Tomcat]
Starting Servlet engine: [Apache Tomcat/9.0.21]
Initializing Spring embedded WebApplicationContext
Root WebApplicationContext: initialization completed in 1335 ms
HikariPool-1 - Starting...
Registered driver with driverClassName=com.mysql.jdbc.Driver was not found, trying direct instantiation.
HikariPool-1 - Start completed.
HHH000204: Processing PersistenceUnitInfo [
	name: default
	...]
HHH000412: Hibernate Core {5.3.10.Final}
HHH000206: hibernate.properties not found
HCANN000001: Hibernate Commons Annotations {5.0.4.Final}
HHH000400: Using dialect: org.hibernate.dialect.MySQL5Dialect
Initialized JPA EntityManagerFactory for persistence unit 'default'
Initializing ExecutorService 'applicationTaskExecutor'
spring.jpa.open-in-view is enabled by default. Therefore, database queries may be performed during view rendering. Explicitly configure spring.jpa.open-in-view to disable this warning
Starting ProtocolHandler ["http-nio-80"]
Tomcat started on port(s): 80 (http) with context path '/sell'
Started SellApplication in 6.102 seconds (JVM running for 7.668)
Initializing Spring DispatcherServlet 'dispatcherServlet'
Initializing Servlet 'dispatcherServlet'
Completed initialization in 8 ms
HHH000397: Using ASTQueryTranslatorFactory
Starting SellApplication on PC-201906252105 with PID 7040 (E:\Projects\sell\target\classes started by Administrator in E:\Projects\sell)
No active profile set, falling back to default profiles: default
Bootstrapping Spring Data repositories in DEFAULT mode.
Finished Spring Data repository scanning in 197ms. Found 4 repository interfaces.
Bean 'org.springframework.transaction.annotation.ProxyTransactionManagementConfiguration' of type [org.springframework.transaction.annotation.ProxyTransactionManagementConfiguration$$EnhancerBySpringCGLIB$$4329fefa] is not eligible for getting processed by all BeanPostProcessors (for example: not eligible for auto-proxying)
Tomcat initialized with port(s): 80 (http)
Initializing ProtocolHandler ["http-nio-80"]
Starting service [Tomcat]
Starting Servlet engine: [Apache Tomcat/9.0.21]
Initializing Spring embedded WebApplicationContext
Root WebApplicationContext: initialization completed in 1665 ms
HikariPool-1 - Starting...
Registered driver with driverClassName=com.mysql.jdbc.Driver was not found, trying direct instantiation.
HikariPool-1 - Start completed.
HHH000204: Processing PersistenceUnitInfo [
	name: default
	...]
HHH000412: Hibernate Core {5.3.10.Final}
HHH000206: hibernate.properties not found
HCANN000001: Hibernate Commons Annotations {5.0.4.Final}
HHH000400: Using dialect: org.hibernate.dialect.MySQL5Dialect
Initialized JPA EntityManagerFactory for persistence unit 'default'
Initializing ExecutorService 'applicationTaskExecutor'
spring.jpa.open-in-view is enabled by default. Therefore, database queries may be performed during view rendering. Explicitly configure spring.jpa.open-in-view to disable this warning
Starting ProtocolHandler ["http-nio-80"]
Tomcat started on port(s): 80 (http) with context path '/sell'
Started SellApplication in 5.452 seconds (JVM running for 6.899)
Initializing Spring DispatcherServlet 'dispatcherServlet'
Initializing Servlet 'dispatcherServlet'
Completed initialization in 6 ms
HHH000397: Using ASTQueryTranslatorFactory
Starting SellApplication on PC-201906252105 with PID 3940 (E:\Projects\sell\target\classes started by Administrator in E:\Projects\sell)
No active profile set, falling back to default profiles: default
Bootstrapping Spring Data repositories in DEFAULT mode.
Finished Spring Data repository scanning in 69ms. Found 4 repository interfaces.
Bean 'org.springframework.transaction.annotation.ProxyTransactionManagementConfiguration' of type [org.springframework.transaction.annotation.ProxyTransactionManagementConfiguration$$EnhancerBySpringCGLIB$$5d1ec701] is not eligible for getting processed by all BeanPostProcessors (for example: not eligible for auto-proxying)
Tomcat initialized with port(s): 80 (http)
Initializing ProtocolHandler ["http-nio-80"]
Starting service [Tomcat]
Starting Servlet engine: [Apache Tomcat/9.0.21]
Initializing Spring embedded WebApplicationContext
Root WebApplicationContext: initialization completed in 1459 ms
HikariPool-1 - Starting...
Registered driver with driverClassName=com.mysql.jdbc.Driver was not found, trying direct instantiation.
HikariPool-1 - Start completed.
HHH000204: Processing PersistenceUnitInfo [
	name: default
	...]
HHH000412: Hibernate Core {5.3.10.Final}
HHH000206: hibernate.properties not found
HCANN000001: Hibernate Commons Annotations {5.0.4.Final}
HHH000400: Using dialect: org.hibernate.dialect.MySQL5Dialect
Initialized JPA EntityManagerFactory for persistence unit 'default'
Initializing ExecutorService 'applicationTaskExecutor'
spring.jpa.open-in-view is enabled by default. Therefore, database queries may be performed during view rendering. Explicitly configure spring.jpa.open-in-view to disable this warning
Starting ProtocolHandler ["http-nio-80"]
Tomcat started on port(s): 80 (http) with context path '/sell'
Started SellApplication in 5.344 seconds (JVM running for 7.025)
Initializing Spring DispatcherServlet 'dispatcherServlet'
Initializing Servlet 'dispatcherServlet'
Completed initialization in 10 ms
HHH000397: Using ASTQueryTranslatorFactory
SQL Error: 1062, SQLState: 23000
SQL Error: 1062, SQLState: 23000
Starting SellApplication on PC-201906252105 with PID 11284 (E:\Projects\sell\target\classes started by Administrator in E:\Projects\sell)
No active profile set, falling back to default profiles: default
Bootstrapping Spring Data repositories in DEFAULT mode.
Finished Spring Data repository scanning in 60ms. Found 4 repository interfaces.
Bean 'org.springframework.transaction.annotation.ProxyTransactionManagementConfiguration' of type [org.springframework.transaction.annotation.ProxyTransactionManagementConfiguration$$EnhancerBySpringCGLIB$$3376fa5e] is not eligible for getting processed by all BeanPostProcessors (for example: not eligible for auto-proxying)
Tomcat initialized with port(s): 80 (http)
Initializing ProtocolHandler ["http-nio-80"]
Starting service [Tomcat]
Starting Servlet engine: [Apache Tomcat/9.0.21]
Initializing Spring embedded WebApplicationContext
Root WebApplicationContext: initialization completed in 1454 ms
HikariPool-1 - Starting...
Registered driver with driverClassName=com.mysql.jdbc.Driver was not found, trying direct instantiation.
HikariPool-1 - Start completed.
HHH000204: Processing PersistenceUnitInfo [
	name: default
	...]
HHH000412: Hibernate Core {5.3.10.Final}
HHH000206: hibernate.properties not found
HCANN000001: Hibernate Commons Annotations {5.0.4.Final}
HHH000400: Using dialect: org.hibernate.dialect.MySQL5Dialect
Initialized JPA EntityManagerFactory for persistence unit 'default'
Initializing ExecutorService 'applicationTaskExecutor'
spring.jpa.open-in-view is enabled by default. Therefore, database queries may be performed during view rendering. Explicitly configure spring.jpa.open-in-view to disable this warning
Starting ProtocolHandler ["http-nio-80"]
Tomcat started on port(s): 80 (http) with context path '/sell'
Started SellApplication in 5.036 seconds (JVM running for 6.541)
Initializing Spring DispatcherServlet 'dispatcherServlet'
Initializing Servlet 'dispatcherServlet'
Completed initialization in 10 ms
HHH000397: Using ASTQueryTranslatorFactory
SQL Error: 1062, SQLState: 23000
